[0417/110415.501:ERROR:process_memory_win.cc(73)] ReadMemory at 0x7ff7ee9e0000 of 64 bytes failed: Only part of a ReadProcessMemory or WriteProcessMemory request was completed. (0x12B)
[0417/110415.864:WARNING:pe_image_reader.cc(340)] could not read dos header from C:\Program Files (x86)\Google\Chrome\Application\chrome.exe
[0417/110415.864:ERROR:process_memory_win.cc(73)] ReadMemory at 0x7ffff5410000 of 64 bytes failed: Only part of a ReadProcessMemory or WriteProcessMemory request was completed. (0x12B)
[0417/110415.864:WARNING:pe_image_reader.cc(340)] could not read dos header from C:\windows\SYSTEM32\ntdll.dll
[0417/110415.864:ERROR:process_memory_win.cc(73)] ReadMemory at 0x7ffff4cb0000 of 64 bytes failed: Only part of a ReadProcessMemory or WriteProcessMemory request was completed. (0x12B)
[0417/110415.864:WARNING:pe_image_reader.cc(340)] could not read dos header from C:\windows\system32\KERNEL32.DLL
[0417/110415.864:ERROR:process_memory_win.cc(73)] ReadMemory at 0x7ffff2980000 of 64 bytes failed: Only part of a ReadProcessMemory or WriteProcessMemory request was completed. (0x12B)
[0417/110415.864:WARNING:pe_image_reader.cc(340)] could not read dos header from C:\windows\system32\KERNELBASE.dll
[0417/110415.865:ERROR:process_memory_win.cc(73)] ReadMemory at 0x7fffddf50000 of 64 bytes failed: Only part of a ReadProcessMemory or WriteProcessMemory request was completed. (0x12B)
[0417/110415.865:WARNING:pe_image_reader.cc(340)] could not read dos header from C:\windows\system32\bdsaei64.dll
[0417/110415.865:ERROR:process_memory_win.cc(73)] ReadMemory at 0x7fffd2d70000 of 64 bytes failed: Only part of a ReadProcessMemory or WriteProcessMemory request was completed. (0x12B)
[0417/110415.865:WARNING:pe_image_reader.cc(340)] could not read dos header from C:\Program Files (x86)\Google\Chrome\Application\73.0.3683.103\chrome_elf.dll
[0417/110415.865:ERROR:process_memory_win.cc(73)] ReadMemory at 0x7ffff30f0000 of 64 bytes failed: Only part of a ReadProcessMemory or WriteProcessMemory request was completed. (0x12B)
[0417/110415.865:WARNING:pe_image_reader.cc(340)] could not read dos header from C:\windows\system32\SHELL32.dll
[0417/110415.865:ERROR:process_memory_win.cc(73)] ReadMemory at 0x7ffff3010000 of 64 bytes failed: Only part of a ReadProcessMemory or WriteProcessMemory request was completed. (0x12B)
[0417/110415.865:WARNING:pe_image_reader.cc(340)] could not read dos header from C:\windows\system32\ADVAPI32.dll
[0417/110415.865:ERROR:process_memory_win.cc(73)] ReadMemory at 0x7ffff50c0000 of 64 bytes failed: Only part of a ReadProcessMemory or WriteProcessMemory request was completed. (0x12B)
[0417/110415.865:WARNING:pe_image_reader.cc(340)] could not read dos header from C:\windows\system32\USER32.dll
[0417/110415.866:ERROR:process_memory_win.cc(73)] ReadMemory at 0x7fffee0a0000 of 64 bytes failed: Only part of a ReadProcessMemory or WriteProcessMemory request was completed. (0x12B)
[0417/110415.866:WARNING:pe_image_reader.cc(340)] could not read dos header from C:\windows\SYSTEM32\VERSION.dll
[0417/110415.866:ERROR:process_memory_win.cc(73)] ReadMemory at 0x7ffff52f0000 of 64 bytes failed: Only part of a ReadProcessMemory or WriteProcessMemory request was completed. (0x12B)
[0417/110415.866:WARNING:pe_image_reader.cc(340)] could not read dos header from C:\windows\system32\SHLWAPI.dll
[0417/110415.866:ERROR:process_memory_win.cc(73)] ReadMemory at 0x7fffea530000 of 64 bytes failed: Only part of a ReadProcessMemory or WriteProcessMemory request was completed. (0x12B)
[0417/110415.866:WARNING:pe_image_reader.cc(340)] could not read dos header from C:\windows\SYSTEM32\WINMM.dll
[0417/110415.866:ERROR:process_memory_win.cc(73)] ReadMemory at 0x7ffff19b0000 of 64 bytes failed: Only part of a ReadProcessMemory or WriteProcessMemory request was completed. (0x12B)
[0417/110415.866:WARNING:pe_image_reader.cc(340)] could not read dos header from C:\windows\SYSTEM32\USERENV.dll
[0417/110415.866:ERROR:process_memory_win.cc(73)] ReadMemory at 0x7ffff5010000 of 64 bytes failed: Only part of a ReadProcessMemory or WriteProcessMemory request was completed. (0x12B)
[0417/110415.866:WARNING:pe_image_reader.cc(340)] could not read dos header from C:\windows\system32\msvcrt.dll
[0417/110415.866:ERROR:process_memory_win.cc(73)] ReadMemory at 0x7ffff4e00000 of 64 bytes failed: Only part of a ReadProcessMemory or WriteProcessMemory request was completed. (0x12B)
[0417/110415.867:WARNING:pe_image_reader.cc(340)] could not read dos header from C:\windows\SYSTEM32\combase.dll
[0417/110415.867:ERROR:process_memory_win.cc(73)] ReadMemory at 0x7ffff4b60000 of 64 bytes failed: Only part of a ReadProcessMemory or WriteProcessMemory request was completed. (0x12B)
[0417/110415.867:WARNING:pe_image_reader.cc(340)] could not read dos header from C:\windows\system32\GDI32.dll
[0417/110415.867:ERROR:process_memory_win.cc(73)] ReadMemory at 0x7ffff5350000 of 64 bytes failed: Only part of a ReadProcessMemory or WriteProcessMemory request was completed. (0x12B)
[0417/110415.867:WARNING:pe_image_reader.cc(340)] could not read dos header from C:\windows\SYSTEM32\sechost.dll
[0417/110415.867:ERROR:process_memory_win.cc(73)] ReadMemory at 0x7ffff4620000 of 64 bytes failed: Only part of a ReadProcessMemory or WriteProcessMemory request was completed. (0x12B)
[0417/110415.867:WARNING:pe_image_reader.cc(340)] could not read dos header from C:\windows\system32\RPCRT4.dll
[0417/110415.867:ERROR:process_memory_win.cc(73)] ReadMemory at 0x7fffea500000 of 64 bytes failed: Only part of a ReadProcessMemory or WriteProcessMemory request was completed. (0x12B)
[0417/110415.867:WARNING:pe_image_reader.cc(340)] could not read dos header from C:\windows\SYSTEM32\WINMMBASE.dll
[0417/110415.867:ERROR:process_memory_win.cc(73)] ReadMemory at 0x7ffff2540000 of 64 bytes failed: Only part of a ReadProcessMemory or WriteProcessMemory request was completed. (0x12B)
[0417/110415.867:WARNING:pe_image_reader.cc(340)] could not read dos header from C:\windows\SYSTEM32\profapi.dll
[0417/110415.867:ERROR:process_memory_win.cc(73)] ReadMemory at 0x7ffff28a0000 of 64 bytes failed: Only part of a ReadProcessMemory or WriteProcessMemory request was completed. (0x12B)
[0417/110415.867:WARNING:pe_image_reader.cc(340)] could not read dos header from C:\windows\system32\SspiCli.dll
[0417/110415.867:ERROR:process_memory_win.cc(73)] ReadMemory at 0x7ffff28d0000 of 64 bytes failed: Only part of a ReadProcessMemory or WriteProcessMemory request was completed. (0x12B)
[0417/110415.867:WARNING:pe_image_reader.cc(340)] could not read dos header from C:\windows\SYSTEM32\cfgmgr32.dll
[0417/110415.868:ERROR:process_memory_win.cc(73)] ReadMemory at 0x7ffff1310000 of 64 bytes failed: Only part of a ReadProcessMemory or WriteProcessMemory request was completed. (0x12B)
[0417/110415.868:WARNING:pe_image_reader.cc(340)] could not read dos header from C:\windows\SYSTEM32\DEVOBJ.dll
[0417/110415.868:ERROR:process_memory_win.cc(73)] ReadMemory at 0x7ffff23b0000 of 64 bytes failed: Only part of a ReadProcessMemory or WriteProcessMemory request was completed. (0x12B)
[0417/110415.868:WARNING:pe_image_reader.cc(340)] could not read dos header from C:\windows\SYSTEM32\CRYPTBASE.DLL
[0417/110415.868:ERROR:process_memory_win.cc(73)] ReadMemory at 0x7ffff2340000 of 64 bytes failed: Only part of a ReadProcessMemory or WriteProcessMemory request was completed. (0x12B)
[0417/110415.868:WARNING:pe_image_reader.cc(340)] could not read dos header from C:\windows\SYSTEM32\bcryptPrimitives.dll
[0417/110415.868:ERROR:process_memory_win.cc(73)] ReadMemory at 0x7ffff52a0000 of 64 bytes failed: Only part of a ReadProcessMemory or WriteProcessMemory request was completed. (0x12B)
[0417/110415.868:WARNING:pe_image_reader.cc(340)] could not read dos header from C:\windows\system32\IMM32.DLL
[0417/110415.868:ERROR:process_memory_win.cc(73)] ReadMemory at 0x7ffff4760000 of 64 bytes failed: Only part of a ReadProcessMemory or WriteProcessMemory request was completed. (0x12B)
[0417/110415.868:WARNING:pe_image_reader.cc(340)] could not read dos header from C:\windows\system32\MSCTF.dll
[0417/110415.868:ERROR:process_memory_win.cc(73)] ReadMemory at 0x7ffff0a60000 of 64 bytes failed: Only part of a ReadProcessMemory or WriteProcessMemory request was completed. (0x12B)
[0417/110415.868:WARNING:pe_image_reader.cc(340)] could not read dos header from C:\windows\SYSTEM32\shcore.dll
[0417/110415.868:ERROR:process_memory_win.cc(73)] ReadMemory at 0x4c14ad0000 of 64 bytes failed: Only part of a ReadProcessMemory or WriteProcessMemory request was completed. (0x12B)
[0417/110415.869:WARNING:pe_image_reader.cc(340)] could not read dos header from C:\Program Files (x86)\Google\Chrome\Application\73.0.3683.103\chrome_child.dll
[0417/110415.869:ERROR:process_memory_win.cc(73)] ReadMemory at 0x7ffff53b0000 of 64 bytes failed: Only part of a ReadProcessMemory or WriteProcessMemory request was completed. (0x12B)
[0417/110415.869:WARNING:pe_image_reader.cc(340)] could not read dos header from C:\windows\system32\WS2_32.dll
[0417/110415.869:ERROR:process_memory_win.cc(73)] ReadMemory at 0x7fffee070000 of 64 bytes failed: Only part of a ReadProcessMemory or WriteProcessMemory request was completed. (0x12B)
[0417/110415.869:WARNING:pe_image_reader.cc(340)] could not read dos header from C:\windows\SYSTEM32\IPHLPAPI.DLL
[0417/110415.869:ERROR:process_memory_win.cc(73)] ReadMemory at 0x7ffff2e70000 of 64 bytes failed: Only part of a ReadProcessMemory or WriteProcessMemory request was completed. (0x12B)
[0417/110415.869:WARNING:pe_image_reader.cc(340)] could not read dos header from C:\windows\system32\ole32.dll
[0417/110415.869:ERROR:process_memory_win.cc(73)] ReadMemory at 0x7ffff2b70000 of 64 bytes failed: Only part of a ReadProcessMemory or WriteProcessMemory request was completed. (0x12B)
[0417/110415.869:WARNING:pe_image_reader.cc(340)] could not read dos header from C:\windows\system32\OLEAUT32.dll
[0417/110415.869:ERROR:process_memory_win.cc(73)] ReadMemory at 0x7fffeda50000 of 64 bytes failed: Only part of a ReadProcessMemory or WriteProcessMemory request was completed. (0x12B)
[0417/110415.869:WARNING:pe_image_reader.cc(340)] could not read dos header from C:\windows\SYSTEM32\OLEACC.dll
[0417/110415.869:ERROR:process_memory_win.cc(73)] ReadMemory at 0x7ffff2920000 of 64 bytes failed: Only part of a ReadProcessMemory or WriteProcessMemory request was completed. (0x12B)
[0417/110415.869:WARNING:pe_image_reader.cc(340)] could not read dos header from C:\windows\system32\WINTRUST.dll
[0417/110415.869:ERROR:process_memory_win.cc(73)] ReadMemory at 0x7ffff26c0000 of 64 bytes failed: Only part of a ReadProcessMemory or WriteProcessMemory request was completed. (0x12B)
[0417/110415.869:WARNING:pe_image_reader.cc(340)] could not read dos header from C:\windows\system32\CRYPT32.dll
[0417/110415.870:ERROR:process_memory_win.cc(73)] ReadMemory at 0x7fffedae0000 of 64 bytes failed: Only part of a ReadProcessMemory or WriteProcessMemory request was completed. (0x12B)
[0417/110415.870:WARNING:pe_image_reader.cc(340)] could not read dos header from C:\windows\SYSTEM32\DWrite.dll
[0417/110415.870:ERROR:process_memory_win.cc(73)] ReadMemory at 0x7ffff0140000 of 64 bytes failed: Only part of a ReadProcessMemory or WriteProcessMemory request was completed. (0x12B)
[0417/110415.870:WARNING:pe_image_reader.cc(340)] could not read dos header from C:\windows\SYSTEM32\dxgi.dll
[0417/110415.870:ERROR:process_memory_win.cc(73)] ReadMemory at 0x7fffea730000 of 64 bytes failed: Only part of a ReadProcessMemory or WriteProcessMemory request was completed. (0x12B)
[0417/110415.870:WARNING:pe_image_reader.cc(340)] could not read dos header from C:\windows\SYSTEM32\WINSPOOL.DRV
[0417/110415.870:ERROR:process_memory_win.cc(73)] ReadMemory at 0x7fffe05a0000 of 64 bytes failed: Only part of a ReadProcessMemory or WriteProcessMemory request was completed. (0x12B)
[0417/110415.870:WARNING:pe_image_reader.cc(340)] could not read dos header from C:\windows\SYSTEM32\dbghelp.dll
[0417/110415.870:ERROR:process_memory_win.cc(73)] ReadMemory at 0x7ffff0970000 of 64 bytes failed: Only part of a ReadProcessMemory or WriteProcessMemory request was completed. (0x12B)
[0417/110415.870:WARNING:pe_image_reader.cc(340)] could not read dos header from C:\windows\SYSTEM32\USP10.dll
[0417/110415.870:ERROR:process_memory_win.cc(73)] ReadMemory at 0x7ffff2aa0000 of 64 bytes failed: Only part of a ReadProcessMemory or WriteProcessMemory request was completed. (0x12B)
[0417/110415.871:WARNING:pe_image_reader.cc(340)] could not read dos header from C:\windows\system32\COMDLG32.dll
[0417/110415.871:ERROR:process_memory_win.cc(73)] ReadMemory at 0x7fffe6620000 of 64 bytes failed: Only part of a ReadProcessMemory or WriteProcessMemory request was completed. (0x12B)
[0417/110415.871:WARNING:pe_image_reader.cc(340)] could not read dos header from C:\windows\SYSTEM32\WINHTTP.dll
[0417/110415.871:ERROR:process_memory_win.cc(73)] ReadMemory at 0x7fffed690000 of 64 bytes failed: Only part of a ReadProcessMemory or WriteProcessMemory request was completed. (0x12B)
[0417/110415.871:WARNING:pe_image_reader.cc(340)] could not read dos header from C:\windows\SYSTEM32\urlmon.dll
[0417/110415.871:ERROR:process_memory_win.cc(73)] ReadMemory at 0x7fffed970000 of 64 bytes failed: Only part of a ReadProcessMemory or WriteProcessMemory request was completed. (0x12B)
[0417/110415.871:WARNING:pe_image_reader.cc(340)] could not read dos header from C:\windows\SYSTEM32\Secur32.dll
[0417/110415.871:ERROR:process_memory_win.cc(73)] ReadMemory at 0x7fffecd30000 of 64 bytes failed: Only part of a ReadProcessMemory or WriteProcessMemory request was completed. (0x12B)
[0417/110415.871:WARNING:pe_image_reader.cc(340)] could not read dos header from C:\windows\SYSTEM32\dhcpcsvc.DLL
[0417/110415.872:ERROR:process_memory_win.cc(73)] ReadMemory at 0x7ffff52e0000 of 64 bytes failed: Only part of a ReadProcessMemory or WriteProcessMemory request was completed. (0x12B)
[0417/110415.872:WARNING:pe_image_reader.cc(340)] could not read dos header from C:\windows\system32\NSI.dll
[0417/110415.872:ERROR:process_memory_win.cc(73)] ReadMemory at 0x7fffee060000 of 64 bytes failed: Only part of a ReadProcessMemory or WriteProcessMemory request was completed. (0x12B)
[0417/110415.872:WARNING:pe_image_reader.cc(340)] could not read dos header from C:\windows\SYSTEM32\WINNSI.DLL
[0417/110415.872:ERROR:process_memory_win.cc(73)] ReadMemory at 0x7ffff25f0000 of 64 bytes failed: Only part of a ReadProcessMemory or WriteProcessMemory request was completed. (0x12B)
[0417/110415.872:WARNING:pe_image_reader.cc(340)] could not read dos header from C:\windows\system32\MSASN1.dll
[0417/110415.872:ERROR:process_memory_win.cc(73)] ReadMemory at 0x7ffff05e0000 of 64 bytes failed: Only part of a ReadProcessMemory or WriteProcessMemory request was completed. (0x12B)
[0417/110415.872:WARNING:pe_image_reader.cc(340)] could not read dos header from C:\windows\WinSxS\amd64_microsoft.windows.common-controls_6595b64144ccf1df_6.0.9600.19291_none_6248a9f3ecb5e89b\COMCTL32.dll
[0417/110415.872:ERROR:process_memory_win.cc(73)] ReadMemory at 0x7fffed220000 of 64 bytes failed: Only part of a ReadProcessMemory or WriteProcessMemory request was completed. (0x12B)
[0417/110415.872:WARNING:pe_image_reader.cc(340)] could not read dos header from C:\windows\SYSTEM32\iertutil.dll
[0417/110415.872:ERROR:process_memory_win.cc(73)] ReadMemory at 0x7fffecd70000 of 64 bytes failed: Only part of a ReadProcessMemory or WriteProcessMemory request was completed. (0x12B)
[0417/110415.872:WARNING:pe_image_reader.cc(340)] could not read dos header from C:\windows\SYSTEM32\WININET.dll
[0417/110415.898:ERROR:process_memory_win.cc(73)] ReadMemory at 0x4c1416a000 of 90112 bytes failed: Only part of a ReadProcessMemory or WriteProcessMemory request was completed. (0x12B)
[0417/110415.899:ERROR:process_memory_win.cc(73)] ReadMemory at 0x4c1c1be000 of 8192 bytes failed: Only part of a ReadProcessMemory or WriteProcessMemory request was completed. (0x12B)
[0417/110415.899:ERROR:process_memory_win.cc(73)] ReadMemory at 0x4c1c5b8000 of 32768 bytes failed: Only part of a ReadProcessMemory or WriteProcessMemory request was completed. (0x12B)
[0417/110415.900:ERROR:process_memory_win.cc(73)] ReadMemory at 0x4c1c7be000 of 8192 bytes failed: Only part of a ReadProcessMemory or WriteProcessMemory request was completed. (0x12B)
[0417/110415.900:ERROR:process_memory_win.cc(73)] ReadMemory at 0x4c1c9be000 of 8192 bytes failed: Only part of a ReadProcessMemory or WriteProcessMemory request was completed. (0x12B)
[0417/110415.900:ERROR:process_memory_win.cc(73)] ReadMemory at 0x4c1cbbc000 of 16384 bytes failed: Only part of a ReadProcessMemory or WriteProcessMemory request was completed. (0x12B)
[0417/110415.900:ERROR:process_memory_win.cc(73)] ReadMemory at 0x4c1cdbf000 of 4096 bytes failed: Only part of a ReadProcessMemory or WriteProcessMemory request was completed. (0x12B)
[0417/110415.900:ERROR:process_memory_win.cc(73)] ReadMemory at 0x4c1cfbe000 of 8192 bytes failed: Only part of a ReadProcessMemory or WriteProcessMemory request was completed. (0x12B)
[0417/110415.901:ERROR:process_memory_win.cc(73)] ReadMemory at 0x4c1d3bd000 of 12288 bytes failed: Only part of a ReadProcessMemory or WriteProcessMemory request was completed. (0x12B)
[0417/110415.901:ERROR:process_memory_win.cc(73)] ReadMemory at 0x4c1d5ab000 of 86016 bytes failed: Only part of a ReadProcessMemory or WriteProcessMemory request was completed. (0x12B)
[0417/110415.901:ERROR:process_memory_win.cc(73)] ReadMemory at 0x4c1d7ab000 of 86016 bytes failed: Only part of a ReadProcessMemory or WriteProcessMemory request was completed. (0x12B)
[0417/110415.902:ERROR:process_memory_win.cc(73)] ReadMemory at 0x4c1d9bd000 of 12288 bytes failed: Only part of a ReadProcessMemory or WriteProcessMemory request was completed. (0x12B)
[0417/110415.902:ERROR:process_memory_win.cc(73)] ReadMemory at 0x4c1fb08000 of 32768 bytes failed: Only part of a ReadProcessMemory or WriteProcessMemory request was completed. (0x12B)
[0417/110415.902:ERROR:process_memory_win.cc(73)] ReadMemory at 0x4c212ae000 of 8192 bytes failed: Only part of a ReadProcessMemory or WriteProcessMemory request was completed. (0x12B)
[0417/110415.903:ERROR:process_memory_win.cc(73)] ReadMemory at 0x4c1e35d000 of 12288 bytes failed: Only part of a ReadProcessMemory or WriteProcessMemory request was completed. (0x12B)
[0417/110415.903:ERROR:process_memory_win.cc(73)] ReadMemory at 0x4c1c3bd000 of 12288 bytes failed: Only part of a ReadProcessMemory or WriteProcessMemory request was completed. (0x12B)
[0417/110415.903:ERROR:process_memory_win.cc(73)] ReadMemory at 0x4c1f7ad000 of 12288 bytes failed: Only part of a ReadProcessMemory or WriteProcessMemory request was completed. (0x12B)
[0417/110415.903:ERROR:process_memory_win.cc(73)] ReadMemory at 0x4c219b6000 of 40960 bytes failed: Only part of a ReadProcessMemory or WriteProcessMemory request was completed. (0x12B)
[0417/110415.904:ERROR:process_memory_win.cc(73)] ReadMemory at 0x4c230fe000 of 8192 bytes failed: Only part of a ReadProcessMemory or WriteProcessMemory request was completed. (0x12B)
[0417/110415.904:ERROR:process_memory_win.cc(73)] ReadMemory at 0x4c143e0750 of 60 bytes failed: Only part of a ReadProcessMemory or WriteProcessMemory request was completed. (0x12B)
[0417/110415.904:ERROR:process_memory_win.cc(73)] ReadMemory at 0x4c143e0860 of 10482 bytes failed: Only part of a ReadProcessMemory or WriteProcessMemory request was completed. (0x12B)
[0417/110415.905:ERROR:process_memory_win.cc(73)] ReadMemory at 0x4c143e3160 of 1012 bytes failed: Only part of a ReadProcessMemory or WriteProcessMemory request was completed. (0x12B)
[0417/110415.905:ERROR:process_memory_win.cc(73)] ReadMemory at 0x4c143e3778 of 118 bytes failed: Only part of a ReadProcessMemory or WriteProcessMemory request was completed. (0x12B)
[0417/110415.905:ERROR:process_memory_win.cc(73)] ReadMemory at 0x4c143e37f0 of 1046 bytes failed: Only part of a ReadProcessMemory or WriteProcessMemory request was completed. (0x12B)
[0417/110415.905:ERROR:process_memory_win.cc(73)] ReadMemory at 0x4c143e3c08 of 118 bytes failed: Only part of a ReadProcessMemory or WriteProcessMemory request was completed. (0x12B)
[0417/110415.905:ERROR:process_memory_win.cc(73)] ReadMemory at 0x4c143e3c80 of 100 bytes failed: Only part of a ReadProcessMemory or WriteProcessMemory request was completed. (0x12B)
[0417/110415.905:ERROR:process_memory_win.cc(73)] ReadMemory at 0x4c143e3cf0 of 58 bytes failed: Only part of a ReadProcessMemory or WriteProcessMemory request was completed. (0x12B)
[0417/110415.905:ERROR:process_memory_win.cc(73)] ReadMemory at 0x4c143e3df0 of 132 bytes failed: Only part of a ReadProcessMemory or WriteProcessMemory request was completed. (0x12B)
[0417/110415.906:ERROR:process_memory_win.cc(73)] ReadMemory at 0x4c143e3f70 of 132 bytes failed: Only part of a ReadProcessMemory or WriteProcessMemory request was completed. (0x12B)
[0417/110415.911:ERROR:process_memory_win.cc(73)] ReadMemory at 0x4c143e4180 of 126 bytes failed: Only part of a ReadProcessMemory or WriteProcessMemory request was completed. (0x12B)
[0417/110415.971:ERROR:process_memory_win.cc(73)] ReadMemory at 0x4c143e4470 of 64 bytes failed: Only part of a ReadProcessMemory or WriteProcessMemory request was completed. (0x12B)
[0417/110415.971:ERROR:process_memory_win.cc(73)] ReadMemory at 0x4c143e44c0 of 132 bytes failed: Only part of a ReadProcessMemory or WriteProcessMemory request was completed. (0x12B)
[0417/110415.971:ERROR:process_memory_win.cc(73)] ReadMemory at 0x4c143e4640 of 64 bytes failed: Only part of a ReadProcessMemory or WriteProcessMemory request was completed. (0x12B)
[0417/110415.971:ERROR:process_memory_win.cc(73)] ReadMemory at 0x4c143e4690 of 132 bytes failed: Only part of a ReadProcessMemory or WriteProcessMemory request was completed. (0x12B)
[0417/110415.971:ERROR:process_memory_win.cc(73)] ReadMemory at 0x4c143e4830 of 68 bytes failed: Only part of a ReadProcessMemory or WriteProcessMemory request was completed. (0x12B)
[0417/110415.971:ERROR:process_memory_win.cc(73)] ReadMemory at 0x4c143e4880 of 132 bytes failed: Only part of a ReadProcessMemory or WriteProcessMemory request was completed. (0x12B)
[0417/110415.972:ERROR:process_memory_win.cc(73)] ReadMemory at 0x4c143e5880 of 154 bytes failed: Only part of a ReadProcessMemory or WriteProcessMemory request was completed. (0x12B)
[0417/110415.972:ERROR:process_memory_win.cc(73)] ReadMemory at 0x4c143e5930 of 132 bytes failed: Only part of a ReadProcessMemory or WriteProcessMemory request was completed. (0x12B)
[0417/110415.972:ERROR:process_memory_win.cc(73)] ReadMemory at 0x4c143e5ab0 of 62 bytes failed: Only part of a ReadProcessMemory or WriteProcessMemory request was completed. (0x12B)
[0417/110415.972:ERROR:process_memory_win.cc(73)] ReadMemory at 0x4c143e5b00 of 132 bytes failed: Only part of a ReadProcessMemory or WriteProcessMemory request was completed. (0x12B)
[0417/110415.972:ERROR:process_memory_win.cc(73)] ReadMemory at 0x4c143e5d10 of 64 bytes failed: Only part of a ReadProcessMemory or WriteProcessMemory request was completed. (0x12B)
[0417/110415.972:ERROR:process_memory_win.cc(73)] ReadMemory at 0x4c143e5d60 of 132 bytes failed: Only part of a ReadProcessMemory or WriteProcessMemory request was completed. (0x12B)
[0417/110415.973:ERROR:process_memory_win.cc(73)] ReadMemory at 0x4c143e8400 of 132 bytes failed: Only part of a ReadProcessMemory or WriteProcessMemory request was completed. (0x12B)
[0417/110415.973:ERROR:process_memory_win.cc(73)] ReadMemory at 0x4c143ea6b0 of 62 bytes failed: Only part of a ReadProcessMemory or WriteProcessMemory request was completed. (0x12B)
[0417/110415.973:ERROR:process_memory_win.cc(73)] ReadMemory at 0x4c143ea730 of 62 bytes failed: Only part of a ReadProcessMemory or WriteProcessMemory request was completed. (0x12B)
[0417/110415.973:ERROR:process_memory_win.cc(73)] ReadMemory at 0x4c143ea780 of 132 bytes failed: Only part of a ReadProcessMemory or WriteProcessMemory request was completed. (0x12B)
[0417/110415.973:ERROR:process_memory_win.cc(73)] ReadMemory at 0x4c143ea8a0 of 132 bytes failed: Only part of a ReadProcessMemory or WriteProcessMemory request was completed. (0x12B)
[0417/110415.973:ERROR:process_memory_win.cc(73)] ReadMemory at 0x4c143ea9f0 of 62 bytes failed: Only part of a ReadProcessMemory or WriteProcessMemory request was completed. (0x12B)
[0417/110415.973:ERROR:process_memory_win.cc(73)] ReadMemory at 0x4c143eaa70 of 58 bytes failed: Only part of a ReadProcessMemory or WriteProcessMemory request was completed. (0x12B)
[0417/110415.974:ERROR:process_memory_win.cc(73)] ReadMemory at 0x4c143eaac0 of 132 bytes failed: Only part of a ReadProcessMemory or WriteProcessMemory request was completed. (0x12B)
[0417/110415.974:ERROR:process_memory_win.cc(73)] ReadMemory at 0x4c143eabe0 of 132 bytes failed: Only part of a ReadProcessMemory or WriteProcessMemory request was completed. (0x12B)
[0417/110415.974:ERROR:process_memory_win.cc(73)] ReadMemory at 0x4c143eae10 of 60 bytes failed: Only part of a ReadProcessMemory or WriteProcessMemory request was completed. (0x12B)
[0417/110415.974:ERROR:process_memory_win.cc(73)] ReadMemory at 0x4c143eb180 of 132 bytes failed: Only part of a ReadProcessMemory or WriteProcessMemory request was completed. (0x12B)
[0417/110416.173:ERROR:process_memory_win.cc(73)] ReadMemory at 0x4c143eb390 of 60 bytes failed: Only part of a ReadProcessMemory or WriteProcessMemory request was completed. (0x12B)
[0417/110416.173:ERROR:process_memory_win.cc(73)] ReadMemory at 0x4c143eb430 of 62 bytes failed: Only part of a ReadProcessMemory or WriteProcessMemory request was completed. (0x12B)
[0417/110416.174:ERROR:process_memory_win.cc(73)] ReadMemory at 0x4c143eb480 of 66 bytes failed: Only part of a ReadProcessMemory or WriteProcessMemory request was completed. (0x12B)
[0417/110416.174:ERROR:process_memory_win.cc(73)] ReadMemory at 0x4c143eb4d0 of 62 bytes failed: Only part of a ReadProcessMemory or WriteProcessMemory request was completed. (0x12B)
[0417/110416.174:ERROR:process_memory_win.cc(73)] ReadMemory at 0x4c143eb520 of 64 bytes failed: Only part of a ReadProcessMemory or WriteProcessMemory request was completed. (0x12B)
[0417/110416.214:ERROR:process_memory_win.cc(73)] ReadMemory at 0x4c143eb570 of 60 bytes failed: Only part of a ReadProcessMemory or WriteProcessMemory request was completed. (0x12B)
[0417/110416.214:ERROR:process_memory_win.cc(73)] ReadMemory at 0x4c143eb5c0 of 66 bytes failed: Only part of a ReadProcessMemory or WriteProcessMemory request was completed. (0x12B)
[0417/110416.214:ERROR:process_memory_win.cc(73)] ReadMemory at 0x4c143eb660 of 58 bytes failed: Only part of a ReadProcessMemory or WriteProcessMemory request was completed. (0x12B)
[0417/110416.222:ERROR:process_memory_win.cc(73)] ReadMemory at 0x4c143eb6b0 of 58 bytes failed: Only part of a ReadProcessMemory or WriteProcessMemory request was completed. (0x12B)
[0417/110416.223:ERROR:process_memory_win.cc(73)] ReadMemory at 0x4c143eb750 of 58 bytes failed: Only part of a ReadProcessMemory or WriteProcessMemory request was completed. (0x12B)
[0417/110416.223:ERROR:process_memory_win.cc(73)] ReadMemory at 0x4c143eb7f0 of 62 bytes failed: Only part of a ReadProcessMemory or WriteProcessMemory request was completed. (0x12B)
[0417/110416.223:ERROR:process_memory_win.cc(73)] ReadMemory at 0x4c143eb8e0 of 62 bytes failed: Only part of a ReadProcessMemory or WriteProcessMemory request was completed. (0x12B)
[0417/110416.223:ERROR:process_memory_win.cc(73)] ReadMemory at 0x4c143ebab0 of 132 bytes failed: Only part of a ReadProcessMemory or WriteProcessMemory request was completed. (0x12B)
[0417/110416.224:ERROR:process_memory_win.cc(73)] ReadMemory at 0x4c143ebfe0 of 132 bytes failed: Only part of a ReadProcessMemory or WriteProcessMemory request was completed. (0x12B)
[0417/110416.346:ERROR:process_memory_win.cc(73)] ReadMemory at 0x4c143ec100 of 132 bytes failed: Only part of a ReadProcessMemory or WriteProcessMemory request was completed. (0x12B)
[0417/110416.346:ERROR:process_memory_win.cc(73)] ReadMemory at 0x4c143ec270 of 132 bytes failed: Only part of a ReadProcessMemory or WriteProcessMemory request was completed. (0x12B)
[0417/110416.347:ERROR:process_memory_win.cc(73)] ReadMemory at 0x4c143ec390 of 132 bytes failed: Only part of a ReadProcessMemory or WriteProcessMemory request was completed. (0x12B)
[0417/110416.347:ERROR:process_memory_win.cc(73)] ReadMemory at 0x4c143ec4b0 of 132 bytes failed: Only part of a ReadProcessMemory or WriteProcessMemory request was completed. (0x12B)
[0417/110416.347:ERROR:process_memory_win.cc(73)] ReadMemory at 0x4c143ec5d0 of 132 bytes failed: Only part of a ReadProcessMemory or WriteProcessMemory request was completed. (0x12B)
[0417/110416.348:ERROR:process_memory_win.cc(73)] ReadMemory at 0x4c143ec6f0 of 132 bytes failed: Only part of a ReadProcessMemory or WriteProcessMemory request was completed. (0x12B)
[0417/110416.348:ERROR:process_memory_win.cc(73)] ReadMemory at 0x4c143ec810 of 132 bytes failed: Only part of a ReadProcessMemory or WriteProcessMemory request was completed. (0x12B)
[0417/110416.348:ERROR:process_memory_win.cc(73)] ReadMemory at 0x4c143ec930 of 132 bytes failed: Only part of a ReadProcessMemory or WriteProcessMemory request was completed. (0x12B)
[0417/110416.348:ERROR:process_memory_win.cc(73)] ReadMemory at 0x4c143eca50 of 132 bytes failed: Only part of a ReadProcessMemory or WriteProcessMemory request was completed. (0x12B)
[0417/110416.348:ERROR:process_memory_win.cc(73)] ReadMemory at 0x4c143ecb70 of 132 bytes failed: Only part of a ReadProcessMemory or WriteProcessMemory request was completed. (0x12B)
[0417/110416.348:ERROR:process_memory_win.cc(73)] ReadMemory at 0x4c143ecc90 of 132 bytes failed: Only part of a ReadProcessMemory or WriteProcessMemory request was completed. (0x12B)
[0417/110416.349:ERROR:process_memory_win.cc(73)] ReadMemory at 0x4c143ecdb0 of 132 bytes failed: Only part of a ReadProcessMemory or WriteProcessMemory request was completed. (0x12B)
[0417/110416.349:ERROR:process_memory_win.cc(73)] ReadMemory at 0x4c143eced0 of 132 bytes failed: Only part of a ReadProcessMemory or WriteProcessMemory request was completed. (0x12B)
[0417/110416.349:ERROR:process_memory_win.cc(73)] ReadMemory at 0x4c143ecff0 of 132 bytes failed: Only part of a ReadProcessMemory or WriteProcessMemory request was completed. (0x12B)
[0417/110416.350:ERROR:process_memory_win.cc(73)] ReadMemory at 0x4c143ed470 of 158 bytes failed: Only part of a ReadProcessMemory or WriteProcessMemory request was completed. (0x12B)
[0417/110416.379:ERROR:process_memory_win.cc(73)] ReadMemory at 0x4c143ed520 of 54 bytes failed: Only part of a ReadProcessMemory or WriteProcessMemory request was completed. (0x12B)
[0417/110416.379:ERROR:process_memory_win.cc(73)] ReadMemory at 0x4c143edf70 of 80 bytes failed: Only part of a ReadProcessMemory or WriteProcessMemory request was completed. (0x12B)
[0417/110416.379:ERROR:process_memory_win.cc(73)] ReadMemory at 0x4c143f12c0 of 64 bytes failed: Only part of a ReadProcessMemory or WriteProcessMemory request was completed. (0x12B)
[0417/110416.379:ERROR:process_memory_win.cc(73)] ReadMemory at 0x4c143f13b0 of 64 bytes failed: Only part of a ReadProcessMemory or WriteProcessMemory request was completed. (0x12B)
[0417/110416.379:ERROR:process_memory_win.cc(73)] ReadMemory at 0x4c143f1680 of 58 bytes failed: Only part of a ReadProcessMemory or WriteProcessMemory request was completed. (0x12B)
[0417/110416.380:ERROR:process_memory_win.cc(73)] ReadMemory at 0x4c143f1720 of 64 bytes failed: Only part of a ReadProcessMemory or WriteProcessMemory request was completed. (0x12B)
[0417/110416.380:ERROR:process_memory_win.cc(73)] ReadMemory at 0x4c143f17c0 of 62 bytes failed: Only part of a ReadProcessMemory or WriteProcessMemory request was completed. (0x12B)
[0417/110416.380:ERROR:process_memory_win.cc(73)] ReadMemory at 0x4c143f1810 of 60 bytes failed: Only part of a ReadProcessMemory or WriteProcessMemory request was completed. (0x12B)
[0417/110416.380:ERROR:process_memory_win.cc(73)] ReadMemory at 0x4c143f1860 of 64 bytes failed: Only part of a ReadProcessMemory or WriteProcessMemory request was completed. (0x12B)
[0417/110416.380:ERROR:process_memory_win.cc(73)] ReadMemory at 0x4c143f18b0 of 64 bytes failed: Only part of a ReadProcessMemory or WriteProcessMemory request was completed. (0x12B)
[0417/110416.380:ERROR:process_memory_win.cc(73)] ReadMemory at 0x4c143f1900 of 60 bytes failed: Only part of a ReadProcessMemory or WriteProcessMemory request was completed. (0x12B)
[0417/110416.380:ERROR:process_memory_win.cc(73)] ReadMemory at 0x4c143f1950 of 64 bytes failed: Only part of a ReadProcessMemory or WriteProcessMemory request was completed. (0x12B)
[0417/110416.380:ERROR:process_memory_win.cc(73)] ReadMemory at 0x4c143f19a0 of 62 bytes failed: Only part of a ReadProcessMemory or WriteProcessMemory request was completed. (0x12B)
[0417/110416.380:ERROR:process_memory_win.cc(73)] ReadMemory at 0x4c143f19f0 of 58 bytes failed: Only part of a ReadProcessMemory or WriteProcessMemory request was completed. (0x12B)
[0417/110416.380:ERROR:process_memory_win.cc(73)] ReadMemory at 0x4c143f1ae0 of 62 bytes failed: Only part of a ReadProcessMemory or WriteProcessMemory request was completed. (0x12B)
[0417/110416.381:ERROR:process_memory_win.cc(73)] ReadMemory at 0x4c143f1cc0 of 62 bytes failed: Only part of a ReadProcessMemory or WriteProcessMemory request was completed. (0x12B)
[0417/110416.381:ERROR:process_memory_win.cc(73)] ReadMemory at 0x4c143f1d60 of 60 bytes failed: Only part of a ReadProcessMemory or WriteProcessMemory request was completed. (0x12B)
[0417/110416.381:ERROR:process_memory_win.cc(73)] ReadMemory at 0x4c143f1db0 of 56 bytes failed: Only part of a ReadProcessMemory or WriteProcessMemory request was completed. (0x12B)
[0417/110416.381:ERROR:process_memory_win.cc(73)] ReadMemory at 0x4c143f1e00 of 62 bytes failed: Only part of a ReadProcessMemory or WriteProcessMemory request was completed. (0x12B)
[0417/110416.381:ERROR:process_memory_win.cc(73)] ReadMemory at 0x4c143f1e50 of 64 bytes failed: Only part of a ReadProcessMemory or WriteProcessMemory request was completed. (0x12B)
[0417/110416.381:ERROR:process_memory_win.cc(73)] ReadMemory at 0x4c143f1ea0 of 60 bytes failed: Only part of a ReadProcessMemory or WriteProcessMemory request was completed. (0x12B)
[0417/110416.381:ERROR:process_memory_win.cc(73)] ReadMemory at 0x4c143f1f40 of 60 bytes failed: Only part of a ReadProcessMemory or WriteProcessMemory request was completed. (0x12B)
[0417/110416.381:ERROR:process_memory_win.cc(73)] ReadMemory at 0x4c143f1f90 of 60 bytes failed: Only part of a ReadProcessMemory or WriteProcessMemory request was completed. (0x12B)
[0417/110416.381:ERROR:process_memory_win.cc(73)] ReadMemory at 0x4c143f1fe0 of 60 bytes failed: Only part of a ReadProcessMemory or WriteProcessMemory request was completed. (0x12B)
[0417/110416.391:ERROR:process_memory_win.cc(73)] ReadMemory at 0x4c143f41c0 of 248 bytes failed: Only part of a ReadProcessMemory or WriteProcessMemory request was completed. (0x12B)
[0417/110416.391:ERROR:process_memory_win.cc(73)] ReadMemory at 0x4c143f7110 of 132 bytes failed: Only part of a ReadProcessMemory or WriteProcessMemory request was completed. (0x12B)
[0417/110416.392:ERROR:process_memory_win.cc(73)] ReadMemory at 0x4c143f7230 of 132 bytes failed: Only part of a ReadProcessMemory or WriteProcessMemory request was completed. (0x12B)
[0417/110416.392:ERROR:process_memory_win.cc(73)] ReadMemory at 0x4c143f7350 of 132 bytes failed: Only part of a ReadProcessMemory or WriteProcessMemory request was completed. (0x12B)
[0417/110416.392:ERROR:process_memory_win.cc(73)] ReadMemory at 0x4c143f7470 of 132 bytes failed: Only part of a ReadProcessMemory or WriteProcessMemory request was completed. (0x12B)
[0417/110416.392:ERROR:process_memory_win.cc(73)] ReadMemory at 0x4c143f7590 of 132 bytes failed: Only part of a ReadProcessMemory or WriteProcessMemory request was completed. (0x12B)
[0417/110416.392:ERROR:process_memory_win.cc(73)] ReadMemory at 0x4c143f76b0 of 132 bytes failed: Only part of a ReadProcessMemory or WriteProcessMemory request was completed. (0x12B)
[0417/110416.392:ERROR:process_memory_win.cc(73)] ReadMemory at 0x4c143f77d0 of 132 bytes failed: Only part of a ReadProcessMemory or WriteProcessMemory request was completed. (0x12B)
[0417/110416.392:ERROR:process_memory_win.cc(73)] ReadMemory at 0x4c143f78f0 of 132 bytes failed: Only part of a ReadProcessMemory or WriteProcessMemory request was completed. (0x12B)
[0417/110416.393:ERROR:process_memory_win.cc(73)] ReadMemory at 0x4c143f7a10 of 132 bytes failed: Only part of a ReadProcessMemory or WriteProcessMemory request was completed. (0x12B)
[0417/110416.393:ERROR:process_memory_win.cc(73)] ReadMemory at 0x4c143f7b30 of 132 bytes failed: Only part of a ReadProcessMemory or WriteProcessMemory request was completed. (0x12B)
[0417/110416.393:ERROR:process_memory_win.cc(73)] ReadMemory at 0x4c143f7c50 of 132 bytes failed: Only part of a ReadProcessMemory or WriteProcessMemory request was completed. (0x12B)
[0417/110416.393:ERROR:process_memory_win.cc(73)] ReadMemory at 0x4c143f7d70 of 132 bytes failed: Only part of a ReadProcessMemory or WriteProcessMemory request was completed. (0x12B)
[0417/110416.393:ERROR:process_memory_win.cc(73)] ReadMemory at 0x4c143f7e90 of 132 bytes failed: Only part of a ReadProcessMemory or WriteProcessMemory request was completed. (0x12B)
[0417/110416.393:ERROR:process_memory_win.cc(73)] ReadMemory at 0x4c143f7fb0 of 132 bytes failed: Only part of a ReadProcessMemory or WriteProcessMemory request was completed. (0x12B)
[0417/110416.416:ERROR:process_memory_win.cc(73)] ReadMemory at 0x4c143f80d0 of 132 bytes failed: Only part of a ReadProcessMemory or WriteProcessMemory request was completed. (0x12B)
[0417/110416.416:ERROR:process_memory_win.cc(73)] ReadMemory at 0x4c143f8550 of 132 bytes failed: Only part of a ReadProcessMemory or WriteProcessMemory request was completed. (0x12B)
[0417/110416.417:ERROR:process_memory_win.cc(73)] ReadMemory at 0x4c143f8670 of 132 bytes failed: Only part of a ReadProcessMemory or WriteProcessMemory request was completed. (0x12B)
[0417/110416.417:ERROR:process_memory_win.cc(73)] ReadMemory at 0x4c143f8790 of 132 bytes failed: Only part of a ReadProcessMemory or WriteProcessMemory request was completed. (0x12B)
[0417/110416.417:ERROR:process_memory_win.cc(73)] ReadMemory at 0x4c143f88b0 of 132 bytes failed: Only part of a ReadProcessMemory or WriteProcessMemory request was completed. (0x12B)
[0417/110416.417:ERROR:process_memory_win.cc(73)] ReadMemory at 0x4c143f89d0 of 132 bytes failed: Only part of a ReadProcessMemory or WriteProcessMemory request was completed. (0x12B)
[0417/110416.417:ERROR:process_memory_win.cc(73)] ReadMemory at 0x4c143f8c10 of 132 bytes failed: Only part of a ReadProcessMemory or WriteProcessMemory request was completed. (0x12B)
[0417/110416.417:ERROR:process_memory_win.cc(73)] ReadMemory at 0x4c143f8e50 of 132 bytes failed: Only part of a ReadProcessMemory or WriteProcessMemory request was completed. (0x12B)
[0417/110416.418:ERROR:process_memory_win.cc(73)] ReadMemory at 0x4c14400e60 of 896 bytes failed: Only part of a ReadProcessMemory or WriteProcessMemory request was completed. (0x12B)
[0417/110416.418:ERROR:process_memory_win.cc(73)] ReadMemory at 0x4c14401780 of 512 bytes failed: Only part of a ReadProcessMemory or WriteProcessMemory request was completed. (0x12B)
[0417/110416.418:ERROR:process_memory_win.cc(73)] ReadMemory at 0x4c14977390 of 512 bytes failed: Only part of a ReadProcessMemory or WriteProcessMemory request was completed. (0x12B)
[0417/110416.418:ERROR:process_memory_win.cc(73)] ReadMemory at 0x4c14978d10 of 512 bytes failed: Only part of a ReadProcessMemory or WriteProcessMemory request was completed. (0x12B)
[0417/110416.418:ERROR:process_memory_win.cc(73)] ReadMemory at 0x4c149a1420 of 512 bytes failed: Only part of a ReadProcessMemory or WriteProcessMemory request was completed. (0x12B)
[0417/110416.418:ERROR:process_memory_win.cc(73)] ReadMemory at 0x4c149b9770 of 864 bytes failed: Only part of a ReadProcessMemory or WriteProcessMemory request was completed. (0x12B)
[0417/110416.418:ERROR:process_memory_win.cc(73)] ReadMemory at 0x4c14b57b52 of 512 bytes failed: Only part of a ReadProcessMemory or WriteProcessMemory request was completed. (0x12B)
[0417/110416.419:ERROR:process_memory_win.cc(73)] ReadMemory at 0x4c151790da of 512 bytes failed: Only part of a ReadProcessMemory or WriteProcessMemory request was completed. (0x12B)
[0417/110416.419:ERROR:process_memory_win.cc(73)] ReadMemory at 0x4c19231238 of 512 bytes failed: Only part of a ReadProcessMemory or WriteProcessMemory request was completed. (0x12B)
[0417/110416.428:ERROR:process_memory_win.cc(73)] ReadMemory at 0x4c192f83a0 of 512 bytes failed: Only part of a ReadProcessMemory or WriteProcessMemory request was completed. (0x12B)
[0417/110416.514:ERROR:process_memory_win.cc(73)] ReadMemory at 0x4c195c1070 of 512 bytes failed: Only part of a ReadProcessMemory or WriteProcessMemory request was completed. (0x12B)
[0417/110416.514:ERROR:process_memory_win.cc(73)] ReadMemory at 0x4c1a01aed0 of 752 bytes failed: Only part of a ReadProcessMemory or WriteProcessMemory request was completed. (0x12B)
[0417/110416.514:ERROR:process_memory_win.cc(73)] ReadMemory at 0x4c1a01c7e0 of 512 bytes failed: Only part of a ReadProcessMemory or WriteProcessMemory request was completed. (0x12B)
[0417/110416.514:ERROR:process_memory_win.cc(73)] ReadMemory at 0x4c1d061a60 of 512 bytes failed: Only part of a ReadProcessMemory or WriteProcessMemory request was completed. (0x12B)
[0417/110416.514:ERROR:process_memory_win.cc(73)] ReadMemory at 0x4c1de2bc10 of 512 bytes failed: Only part of a ReadProcessMemory or WriteProcessMemory request was completed. (0x12B)
[0417/110416.514:ERROR:process_memory_win.cc(73)] ReadMemory at 0x4c1de2d3a0 of 512 bytes failed: Only part of a ReadProcessMemory or WriteProcessMemory request was completed. (0x12B)
[0417/110416.514:ERROR:process_memory_win.cc(73)] ReadMemory at 0x4c1de459d0 of 512 bytes failed: Only part of a ReadProcessMemory or WriteProcessMemory request was completed. (0x12B)
[0417/110416.514:ERROR:process_memory_win.cc(73)] ReadMemory at 0x4c1dfcdc00 of 512 bytes failed: Only part of a ReadProcessMemory or WriteProcessMemory request was completed. (0x12B)
[0417/110416.514:ERROR:process_memory_win.cc(73)] ReadMemory at 0x4c1e002a60 of 512 bytes failed: Only part of a ReadProcessMemory or WriteProcessMemory request was completed. (0x12B)
[0417/110416.515:ERROR:process_memory_win.cc(73)] ReadMemory at 0x4c1f037060 of 512 bytes failed: Only part of a ReadProcessMemory or WriteProcessMemory request was completed. (0x12B)
[0417/110416.515:ERROR:process_memory_win.cc(73)] ReadMemory at 0x4c1f0fc380 of 512 bytes failed: Only part of a ReadProcessMemory or WriteProcessMemory request was completed. (0x12B)
[0417/110416.515:ERROR:process_memory_win.cc(73)] ReadMemory at 0x4c1f1071c0 of 512 bytes failed: Only part of a ReadProcessMemory or WriteProcessMemory request was completed. (0x12B)
[0417/110416.515:ERROR:process_memory_win.cc(73)] ReadMemory at 0x4c1f107e58 of 512 bytes failed: Only part of a ReadProcessMemory or WriteProcessMemory request was completed. (0x12B)
[0417/110416.515:ERROR:process_memory_win.cc(73)] ReadMemory at 0x4c1f3e7010 of 512 bytes failed: Only part of a ReadProcessMemory or WriteProcessMemory request was completed. (0x12B)
[0417/110416.585:ERROR:process_memory_win.cc(73)] ReadMemory at 0x1277b0010c0 of 512 bytes failed: Only part of a ReadProcessMemory or WriteProcessMemory request was completed. (0x12B)
[0417/110416.585:ERROR:process_memory_win.cc(73)] ReadMemory at 0x1277b030f70 of 512 bytes failed: Only part of a ReadProcessMemory or WriteProcessMemory request was completed. (0x12B)
[0417/110416.585:ERROR:process_memory_win.cc(73)] ReadMemory at 0xf594a7b3418 of 512 bytes failed: Only part of a ReadProcessMemory or WriteProcessMemory request was completed. (0x12B)
[0417/110416.585:ERROR:process_memory_win.cc(73)] ReadMemory at 0x6a0179aafa98 of 512 bytes failed: Only part of a ReadProcessMemory or WriteProcessMemory request was completed. (0x12B)
[0417/110416.585:ERROR:process_memory_win.cc(73)] ReadMemory at 0x759580861fc0 of 512 bytes failed: Only part of a ReadProcessMemory or WriteProcessMemory request was completed. (0x12B)
[0417/110416.586:ERROR:process_memory_win.cc(73)] ReadMemory at 0x7ff7ee336000 of 6024 bytes failed: Only part of a ReadProcessMemory or WriteProcessMemory request was completed. (0x12B)
[0417/110416.643:ERROR:process_memory_win.cc(73)] ReadMemory at 0x7ff7ee338000 of 6024 bytes failed: Only part of a ReadProcessMemory or WriteProcessMemory request was completed. (0x12B)
[0417/110416.643:ERROR:process_memory_win.cc(73)] ReadMemory at 0x7ff7ee33a000 of 6024 bytes failed: Only part of a ReadProcessMemory or WriteProcessMemory request was completed. (0x12B)
[0417/110416.643:ERROR:process_memory_win.cc(73)] ReadMemory at 0x7ff7ee33c000 of 6024 bytes failed: Only part of a ReadProcessMemory or WriteProcessMemory request was completed. (0x12B)
[0417/110416.644:ERROR:process_memory_win.cc(73)] ReadMemory at 0x7ff7ee33e000 of 6024 bytes failed: Only part of a ReadProcessMemory or WriteProcessMemory request was completed. (0x12B)
[0417/110416.644:ERROR:process_memory_win.cc(73)] ReadMemory at 0x7ff7ee340000 of 6024 bytes failed: Only part of a ReadProcessMemory or WriteProcessMemory request was completed. (0x12B)
[0417/110416.644:ERROR:process_memory_win.cc(73)] ReadMemory at 0x7ff7ee342000 of 6024 bytes failed: Only part of a ReadProcessMemory or WriteProcessMemory request was completed. (0x12B)
[0417/110416.644:ERROR:process_memory_win.cc(73)] ReadMemory at 0x7ff7ee344000 of 6024 bytes failed: Only part of a ReadProcessMemory or WriteProcessMemory request was completed. (0x12B)
[0417/110416.644:ERROR:process_memory_win.cc(73)] ReadMemory at 0x7ff7ee346000 of 6024 bytes failed: Only part of a ReadProcessMemory or WriteProcessMemory request was completed. (0x12B)
[0417/110416.645:ERROR:process_memory_win.cc(73)] ReadMemory at 0x7ff7ee348000 of 6024 bytes failed: Only part of a ReadProcessMemory or WriteProcessMemory request was completed. (0x12B)
[0417/110416.645:ERROR:process_memory_win.cc(73)] ReadMemory at 0x7ff7ee34a000 of 6024 bytes failed: Only part of a ReadProcessMemory or WriteProcessMemory request was completed. (0x12B)
[0417/110416.645:ERROR:process_memory_win.cc(73)] ReadMemory at 0x7ff7ee34c000 of 6024 bytes failed: Only part of a ReadProcessMemory or WriteProcessMemory request was completed. (0x12B)
[0417/110416.645:ERROR:process_memory_win.cc(73)] ReadMemory at 0x7ff7ee34e000 of 6024 bytes failed: Only part of a ReadProcessMemory or WriteProcessMemory request was completed. (0x12B)
[0417/110416.645:ERROR:process_memory_win.cc(73)] ReadMemory at 0x7ff7ee473000 of 6024 bytes failed: Only part of a ReadProcessMemory or WriteProcessMemory request was completed. (0x12B)
[0417/110416.646:ERROR:process_memory_win.cc(73)] ReadMemory at 0x7ff7ee475000 of 852 bytes failed: Only part of a ReadProcessMemory or WriteProcessMemory request was completed. (0x12B)
[0417/110416.646:ERROR:process_memory_win.cc(73)] ReadMemory at 0x7ff7ee476000 of 6024 bytes failed: Only part of a ReadProcessMemory or WriteProcessMemory request was completed. (0x12B)
[0417/110416.646:ERROR:process_memory_win.cc(73)] ReadMemory at 0x7ff7ee478000 of 6024 bytes failed: Only part of a ReadProcessMemory or WriteProcessMemory request was completed. (0x12B)
[0417/110416.646:ERROR:process_memory_win.cc(73)] ReadMemory at 0x7ff7ee47a000 of 6024 bytes failed: Only part of a ReadProcessMemory or WriteProcessMemory request was completed. (0x12B)
[0417/110416.647:ERROR:process_memory_win.cc(73)] ReadMemory at 0x7ff7ee47c000 of 6024 bytes failed: Only part of a ReadProcessMemory or WriteProcessMemory request was completed. (0x12B)
[0417/110416.647:ERROR:process_memory_win.cc(73)] ReadMemory at 0x7ff7ee47e000 of 6024 bytes failed: Only part of a ReadProcessMemory or WriteProcessMemory request was completed. (0x12B)
[0417/110416.647:ERROR:process_memory_win.cc(73)] ReadMemory at 0x7fffd2d7e6ee of 512 bytes failed: Only part of a ReadProcessMemory or WriteProcessMemory request was completed. (0x12B)
[0417/110416.647:ERROR:process_memory_win.cc(73)] ReadMemory at 0x7fffd2d7f823 of 512 bytes failed: Only part of a ReadProcessMemory or WriteProcessMemory request was completed. (0x12B)
[0417/110416.647:ERROR:process_memory_win.cc(73)] ReadMemory at 0x7ffff4cb0fb0 of 512 bytes failed: Only part of a ReadProcessMemory or WriteProcessMemory request was completed. (0x12B)
[0417/110416.647:ERROR:process_memory_win.cc(73)] ReadMemory at 0x7ffff5415750 of 512 bytes failed: Only part of a ReadProcessMemory or WriteProcessMemory request was completed. (0x12B)
[0417/110416.648:ERROR:process_memory_win.cc(73)] ReadMemory at 0x7ffff54195e0 of 18 bytes failed: Only part of a ReadProcessMemory or WriteProcessMemory request was completed. (0x12B)
[0417/110416.648:ERROR:process_memory_win.cc(73)] ReadMemory at 0x7ffff542c4f0 of 512 bytes failed: Only part of a ReadProcessMemory or WriteProcessMemory request was completed. (0x12B)
[0417/110416.648:ERROR:process_memory_win.cc(73)] ReadMemory at 0x7ffff544acd0 of 512 bytes failed: Only part of a ReadProcessMemory or WriteProcessMemory request was completed. (0x12B)
[0417/110416.648:ERROR:process_memory_win.cc(73)] ReadMemory at 0x7ffff544b5f0 of 512 bytes failed: Only part of a ReadProcessMemory or WriteProcessMemory request was completed. (0x12B)
[0417/110416.648:ERROR:process_memory_win.cc(73)] ReadMemory at 0x7ffff54a071a of 592 bytes failed: Only part of a ReadProcessMemory or WriteProcessMemory request was completed. (0x12B)
[0417/110416.648:ERROR:process_memory_win.cc(73)] ReadMemory at 0x7ffff54a219a of 560 bytes failed: Only part of a ReadProcessMemory or WriteProcessMemory request was completed. (0x12B)
[0417/110416.649:ERROR:process_memory_win.cc(73)] ReadMemory at 0x7ffff553e8a8 of 40 bytes failed: Only part of a ReadProcessMemory or WriteProcessMemory request was completed. (0x12B)
[0417/110416.649:ERROR:process_memory_win.cc(73)] ReadMemory at 0x7ffff553ebe0 of 48 bytes failed: Only part of a ReadProcessMemory or WriteProcessMemory request was completed. (0x12B)
[0417/110416.650:ERROR:process_memory_win.cc(73)] ReadMemory at 0x7ffff5541320 of 64 bytes failed: Only part of a ReadProcessMemory or WriteProcessMemory request was completed. (0x12B)
[0417/110416.657:ERROR:scoped_process_suspend.cc(40)] NtResumeProcess: An attempt was made to access an exiting process. (0xc000010a)
